<?xml version="1.0" encoding="UTF-8"?>
<!-- Generated by org.testng.reporters.JUnitReportReporter -->
<testsuite skipped="0" hostname="user-PC" name="test.automation.Testing" tests="1" failures="0" timestamp="2020-03-12T01:05:53 IST" time="9.425" errors="0">
  <testcase name="GetWeatherStatusLine" time="9.425" classname="test.automation.Testing"/>
</testsuite> <!-- test.automation.Testing -->
