<?xml version="1.0" encoding="UTF-8"?>
<!-- Generated by org.testng.reporters.JUnitReportReporter -->
<testsuite skipped="0" hostname="user-PC" name="test.automation.api.ApiTest" tests="3" failures="0" timestamp="2020-03-12T02:24:04 IST" time="0.033" errors="0">
  <testcase name="Test_02_verifyIsCanRelist" time="0.003" classname="test.automation.api.ApiTest"/>
  <testcase name="Test_01_verifyName" time="0.027" classname="test.automation.api.ApiTest"/>
  <testcase name="Test_03_verifyElementTextInPromotionsDescriptionT" time="0.003" classname="test.automation.api.ApiTest"/>
</testsuite> <!-- test.automation.api.ApiTest -->
