<?xml version="1.0" encoding="UTF-8"?>
<!-- Generated by org.testng.reporters.JUnitReportReporter -->
<testsuite skipped="0" hostname="user-PC" name="test.automation.api.ApiExecutorTest" tests="3" failures="0" timestamp="2020-03-12T01:35:42 IST" time="0.028" errors="0">
  <testcase name="verifyName" time="0.003" classname="test.automation.api.ApiExecutorTest"/>
  <testcase name="isCanRelist" time="0.019" classname="test.automation.api.ApiExecutorTest"/>
  <testcase name="verifyDescriptionTextInPromotions" time="0.006" classname="test.automation.api.ApiExecutorTest"/>
</testsuite> <!-- test.automation.api.ApiExecutorTest -->
